<?xml version="1.0" encoding="UTF-8" ?>
<testsuite errors="0" failures="0" hostname="Hubert" name="test.BruchTest" skipped="0" tests="43" time="1.51" timestamp="2017-03-04T17:38:13">
  <properties>
[...]
</properties>
  <testcase classname="test.BruchTest" name="testDivideBruch" time="0.185" />
  <testcase classname="test.BruchTest" name="testDivideBruch2" time="0.001" />
  <testcase classname="test.BruchTest" name="testGcd" time="0.009" />
  <testcase classname="test.BruchTest" name="testcompareToGreather" time="0.001" />
  <testcase classname="test.BruchTest" name="testGetN" time="0.001" />
  <testcase classname="test.BruchTest" name="testGetZ" time="0.002" />
  <testcase classname="test.BruchTest" name="testSetN" time="0.002" />
  <testcase classname="test.BruchTest" name="testSetZ" time="0.0" />
  <testcase classname="test.BruchTest" name="testToString" time="0.018" />
  <testcase classname="test.BruchTest" name="testasDouble" time="0.052" />
  <testcase classname="test.BruchTest" name="testNegative2" time="0.001" />
  <testcase classname="test.BruchTest" name="testPlusBruch" time="0.07" />
  <testcase classname="test.BruchTest" name="testcompareToLower" time="0.002" />
  <testcase classname="test.BruchTest" name="testBruchBigInteger" time="0.001" />
  <testcase classname="test.BruchTest" name="testDivideBigInteger" time="0.001" />
  <testcase classname="test.BruchTest" name="testMinusBruch2" time="0.006" />
  <testcase classname="test.BruchTest" name="testasString" time="0.0" />
  <testcase classname="test.BruchTest" name="testMultiplyBruch2" time="0.003" />
  <testcase classname="test.BruchTest" name="testPlusBruch2" time="0.002" />
  <testcase classname="test.BruchTest" name="testPlusBigInteger" time="0.001" />
  <testcase classname="test.BruchTest" name="testcompareToEquals" time="0.001" />
  <testcase classname="test.BruchTest" name="testBruchBruch" time="0.0" />
  <testcase classname="test.BruchTest" name="testdoubleValue" time="0.001" />
  <testcase classname="test.BruchTest" name="testMultiplyBigInteger" time="0.001" />
  <testcase classname="test.BruchTest" name="testMinusBigIntegerBigInteger" time="0.002" />
  <testcase classname="test.BruchTest" name="testCorrect" time="0.002" />
  <testcase classname="test.BruchTest" name="testDivideBigInteger2" time="0.013" />
  <testcase classname="test.BruchTest" name="testDivideBigInteger3" time="0.002" />
  <testcase classname="test.BruchTest" name="testMinusBigInteger" time="0.001" />
  <testcase classname="test.BruchTest" name="testDivideBigIntegerBigInteger" time="0.002" />
  <testcase classname="test.BruchTest" name="testMinusBruch" time="0.001" />
  <testcase classname="test.BruchTest" name="testPlusBigIntegerBigInteger" time="0.002" />
  <testcase classname="test.BruchTest" name="testBruchBigIntegerBigInteger" time="0.0" />
  <testcase classname="test.BruchTest" name="testasBigDecimal" time="0.001" />
  <testcase classname="test.BruchTest" name="testasInteger" time="0.0" />
  <testcase classname="test.BruchTest" name="testNegative" time="0.0" />
  <testcase classname="test.BruchTest" name="testShorten" time="0.003" />
  <testcase classname="test.BruchTest" name="testMultiplyBruch" time="0.0" />
  <testcase classname="test.BruchTest" name="testasBigInteger" time="0.0" />
  <testcase classname="test.BruchTest" name="testMultiplyBigIntegerBigInteger" time="0.002" />
  <testcase classname="test.BruchTest" name="testDoubleValue" time="0.0" />
  <testcase classname="test.BruchTest" name="testDivideBruchIllegalArgumentException" time="0.0" />
  <testcase classname="test.BruchTest" name="testasLong" time="0.001" />
  <system-out><![CDATA[]]></system-out>
  <system-err><![CDATA[]]></system-err>
</testsuite>
